[0m2021.10.14 01:14:35 INFO  Started: Metals version 0.10.7 in workspace 'C:\xampp new\htdocs\ict_jobseeker_44' for client Visual Studio Code 1.61.0.[0m
[0m2021.10.14 01:14:36 INFO  time: initialize in 0.72s[0m
[0m2021.10.14 01:14:37 WARN  Build server is not auto-connectable.[0m
[0m2021.10.14 01:14:37 WARN  no build tool detected in workspace 'C:\xampp new\htdocs\ict_jobseeker_44'. The most common cause for this problem is that the editor was opened in the wrong working directory, for example if you use sbt then the workspace directory should contain build.sbt. [0m
[0m2021.10.14 01:21:07 INFO  shutting down Metals[0m
[0m2021.10.14 11:45:16 INFO  Started: Metals version 0.10.7 in workspace 'C:\xampp new\htdocs\ict_jobseeker_44' for client Visual Studio Code 1.61.0.[0m
[0m2021.10.14 11:45:17 INFO  time: initialize in 0.83s[0m
[0m2021.10.14 11:45:18 WARN  Build server is not auto-connectable.[0m
[0m2021.10.14 11:45:18 WARN  no build tool detected in workspace 'C:\xampp new\htdocs\ict_jobseeker_44'. The most common cause for this problem is that the editor was opened in the wrong working directory, for example if you use sbt then the workspace directory should contain build.sbt. [0m
[0m2021.10.14 17:39:25 INFO  shutting down Metals[0m
[0m2021.10.16 01:50:39 INFO  Started: Metals version 0.10.7 in workspace 'C:\xampp new\htdocs\ict_jobseeker_44' for client Visual Studio Code 1.61.0.[0m
[0m2021.10.16 01:50:41 INFO  time: initialize in 1.74s[0m
[0m2021.10.16 01:50:42 WARN  Build server is not auto-connectable.[0m
[0m2021.10.16 01:50:42 WARN  no build tool detected in workspace 'C:\xampp new\htdocs\ict_jobseeker_44'. The most common cause for this problem is that the editor was opened in the wrong working directory, for example if you use sbt then the workspace directory should contain build.sbt. [0m
[0m2021.10.16 02:58:21 INFO  shutting down Metals[0m
[0m2021.10.17 16:10:51 INFO  Started: Metals version 0.10.7 in workspace 'C:\xampp new\htdocs\ict_jobseeker_44' for client Visual Studio Code 1.61.1.[0m
[0m2021.10.17 16:10:52 INFO  time: initialize in 1.39s[0m
[0m2021.10.17 16:10:54 WARN  Build server is not auto-connectable.[0m
[0m2021.10.17 16:10:54 WARN  no build tool detected in workspace 'C:\xampp new\htdocs\ict_jobseeker_44'. The most common cause for this problem is that the editor was opened in the wrong working directory, for example if you use sbt then the workspace directory should contain build.sbt. [0m
[0m2021.10.18 11:29:08 INFO  Started: Metals version 0.10.7 in workspace 'C:\xampp new\htdocs\ict_jobseeker_44' for client Visual Studio Code 1.61.1.[0m
[0m2021.10.18 11:29:08 INFO  time: initialize in 0.75s[0m
[0m2021.10.18 11:29:13 WARN  Build server is not auto-connectable.[0m
[0m2021.10.18 11:29:13 WARN  no build tool detected in workspace 'C:\xampp new\htdocs\ict_jobseeker_44'. The most common cause for this problem is that the editor was opened in the wrong working directory, for example if you use sbt then the workspace directory should contain build.sbt. [0m
[0m2021.10.18 15:51:47 INFO  shutting down Metals[0m
[0m2021.10.19 23:11:23 INFO  Started: Metals version 0.10.7 in workspace 'C:\xampp new\htdocs\ict_jobseeker_44' for client Visual Studio Code 1.61.1.[0m
[0m2021.10.19 23:11:24 INFO  time: initialize in 1.15s[0m
[0m2021.10.19 23:11:25 WARN  Build server is not auto-connectable.[0m
[0m2021.10.19 23:11:25 WARN  no build tool detected in workspace 'C:\xampp new\htdocs\ict_jobseeker_44'. The most common cause for this problem is that the editor was opened in the wrong working directory, for example if you use sbt then the workspace directory should contain build.sbt. [0m
[0m2021.10.20 00:08:45 INFO  shutting down Metals[0m
[0m2021.10.21 00:20:03 INFO  Started: Metals version 0.10.7 in workspace 'C:\xampp new\htdocs\ict_jobseeker_44' for client Visual Studio Code 1.61.2.[0m
[0m2021.10.21 00:20:04 INFO  time: initialize in 0.66s[0m
[0m2021.10.21 00:20:05 WARN  Build server is not auto-connectable.[0m
[0m2021.10.21 00:20:05 WARN  no build tool detected in workspace 'C:\xampp new\htdocs\ict_jobseeker_44'. The most common cause for this problem is that the editor was opened in the wrong working directory, for example if you use sbt then the workspace directory should contain build.sbt. [0m
[0m2021.10.21 00:36:43 INFO  shutting down Metals[0m
[0m2021.10.21 00:38:11 INFO  Started: Metals version 0.10.7 in workspace 'C:\xampp new\htdocs\ict_jobseeker_44' for client Visual Studio Code 1.61.2.[0m
[0m2021.10.21 00:38:11 INFO  time: initialize in 0.65s[0m
[0m2021.10.21 00:38:12 WARN  Build server is not auto-connectable.[0m
[0m2021.10.21 00:38:12 WARN  no build tool detected in workspace 'C:\xampp new\htdocs\ict_jobseeker_44'. The most common cause for this problem is that the editor was opened in the wrong working directory, for example if you use sbt then the workspace directory should contain build.sbt. [0m
[0m2021.10.21 01:01:31 INFO  shutting down Metals[0m
[0m2021.10.21 09:35:52 INFO  Started: Metals version 0.10.7 in workspace 'C:\xampp new\htdocs\ict_jobseeker_44' for client Visual Studio Code 1.61.2.[0m
[0m2021.10.21 09:35:53 INFO  time: initialize in 1.28s[0m
[0m2021.10.21 09:35:54 WARN  Build server is not auto-connectable.[0m
[0m2021.10.21 09:35:54 WARN  no build tool detected in workspace 'C:\xampp new\htdocs\ict_jobseeker_44'. The most common cause for this problem is that the editor was opened in the wrong working directory, for example if you use sbt then the workspace directory should contain build.sbt. [0m
[0m2021.10.21 10:20:06 INFO  shutting down Metals[0m
[0m2021.10.21 10:37:15 INFO  Started: Metals version 0.10.7 in workspace 'C:\xampp new\htdocs\ict_jobseeker_44' for client Visual Studio Code 1.61.2.[0m
[0m2021.10.21 10:37:16 INFO  time: initialize in 0.59s[0m
[0m2021.10.21 10:37:16 WARN  Build server is not auto-connectable.[0m
[0m2021.10.21 10:37:16 WARN  no build tool detected in workspace 'C:\xampp new\htdocs\ict_jobseeker_44'. The most common cause for this problem is that the editor was opened in the wrong working directory, for example if you use sbt then the workspace directory should contain build.sbt. [0m
[0m2021.10.21 18:11:15 INFO  shutting down Metals[0m
[0m2021.10.25 11:11:10 INFO  Started: Metals version 0.10.7 in workspace 'C:\xampp new\htdocs\ict_jobseeker_44' for client Visual Studio Code 1.61.2.[0m
[0m2021.10.25 11:11:11 INFO  time: initialize in 0.75s[0m
[0m2021.10.25 11:11:12 WARN  Build server is not auto-connectable.[0m
[0m2021.10.25 11:11:12 WARN  no build tool detected in workspace 'C:\xampp new\htdocs\ict_jobseeker_44'. The most common cause for this problem is that the editor was opened in the wrong working directory, for example if you use sbt then the workspace directory should contain build.sbt. [0m
[0m2021.10.26 11:08:00 INFO  Started: Metals version 0.10.7 in workspace 'C:\xampp new\htdocs\ict_jobseeker_44' for client Visual Studio Code 1.61.2.[0m
[0m2021.10.26 11:08:01 INFO  time: initialize in 0.74s[0m
[0m2021.10.26 11:08:06 WARN  Build server is not auto-connectable.[0m
[0m2021.10.26 11:08:06 WARN  no build tool detected in workspace 'C:\xampp new\htdocs\ict_jobseeker_44'. The most common cause for this problem is that the editor was opened in the wrong working directory, for example if you use sbt then the workspace directory should contain build.sbt. [0m
[0m2021.10.26 15:35:37 INFO  Started: Metals version 0.10.7 in workspace 'C:\xampp new\htdocs\ict_jobseeker_44' for client Visual Studio Code 1.61.2.[0m
[0m2021.10.26 15:35:37 INFO  time: initialize in 0.67s[0m
[0m2021.10.26 15:35:42 WARN  Build server is not auto-connectable.[0m
[0m2021.10.26 15:35:42 WARN  no build tool detected in workspace 'C:\xampp new\htdocs\ict_jobseeker_44'. The most common cause for this problem is that the editor was opened in the wrong working directory, for example if you use sbt then the workspace directory should contain build.sbt. [0m
Oct 26, 2021 4:56:37 PM org.eclipse.lsp4j.jsonrpc.services.GenericEndpoint notify
INFO: Unsupported notification method: $/setTrace
